DEPRECATION WARNING: You're using the Ruby-based MySQL library that ships with Rails. This library will be REMOVED FROM RAILS 2.2. Please switch to the offical mysql gem: `gem install mysql`  See http://www.rubyonrails.org/deprecation for details. (called from mysql_connection at /Users/mike/.gem/ruby/1.8/gems/activerecord-2.1.2/lib/active_record/connection_adapters/mysql_adapter.rb:81)
DEPRECATION WARNING: You're using the Ruby-based MySQL library that ships with Rails. This library will be REMOVED FROM RAILS 2.2. Please switch to the offical mysql gem: `gem install mysql`  See http://www.rubyonrails.org/deprecation for details. (called from mysql_connection at /Users/mike/.gem/ruby/1.8/gems/activerecord-2.1.2/lib/active_record/connection_adapters/mysql_adapter.rb:81)
  [4;36;1mSQL (0.000137)[0m   [0;1mSET SQL_AUTO_IS_NULL=0[0m
DEPRECATION WARNING: You're using the Ruby-based MySQL library that ships with Rails. This library will be REMOVED FROM RAILS 2.2. Please switch to the offical mysql gem: `gem install mysql`  See http://www.rubyonrails.org/deprecation for details. (called from mysql_connection at /Users/mike/.gem/ruby/1.8/gems/activerecord-2.1.2/lib/active_record/connection_adapters/mysql_adapter.rb:81)
  [4;36;1mSQL (0.000131)[0m   [0;1mSET SQL_AUTO_IS_NULL=0[0m
  [4;35;1mSQL (0.000584)[0m   [0mCREATE DATABASE `iamBlogger_dev` DEFAULT CHARACTER SET `utf8` COLLATE `utf8_general_ci`[0m
DEPRECATION WARNING: You're using the Ruby-based MySQL library that ships with Rails. This library will be REMOVED FROM RAILS 2.2. Please switch to the offical mysql gem: `gem install mysql`  See http://www.rubyonrails.org/deprecation for details. (called from mysql_connection at /Users/mike/.gem/ruby/1.8/gems/activerecord-2.1.2/lib/active_record/connection_adapters/mysql_adapter.rb:81)
  [4;36;1mSQL (0.000159)[0m   [0;1mSET SQL_AUTO_IS_NULL=0[0m
  [4;35;1mSQL (0.000394)[0m   [0mSHOW TABLES[0m
  [4;36;1mSQL (0.084992)[0m   [0;1mCREATE TABLE `schema_migrations` (`version` varchar(255) NOT NULL) ENGINE=InnoDB[0m
  [4;35;1mSQL (0.008807)[0m   [0mCREATE UNIQUE INDEX `unique_schema_migrations` ON `schema_migrations` (`version`)[0m
  [4;36;1mSQL (0.000732)[0m   [0;1mSHOW TABLES[0m
  [4;35;1mSQL (0.000563)[0m   [0mSELECT version FROM schema_migrations[0m
Migrating to CreateArticles (20090226005525)
  [4;36;1mSQL (0.002709)[0m   [0;1mCREATE TABLE `articles` (`id` int(11) DEFAULT NULL auto_increment PRIMARY KEY, `title` varchar(255), `author` varchar(255), `content` text, `created_at` datetime, `updated_at` datetime) ENGINE=InnoDB[0m
  [4;35;1mSQL (0.000737)[0m   [0mINSERT INTO schema_migrations (version) VALUES ('20090226005525')[0m
  [4;36;1mSQL (0.000524)[0m   [0;1mSHOW TABLES[0m
  [4;35;1mSQL (0.000389)[0m   [0mSELECT version FROM schema_migrations[0m
  [4;36;1mSQL (0.000389)[0m   [0;1mSHOW TABLES[0m
  [4;35;1mSQL (0.003916)[0m   [0mSHOW FIELDS FROM `articles`[0m
  [4;36;1mSQL (0.003214)[0m   [0;1mdescribe `articles`[0m
  [4;35;1mSQL (0.001090)[0m   [0mSHOW KEYS FROM `articles`[0m
